<?xml version="1.0" encoding="UTF-8"?>
<testsuite xmlns:xsi="http://www.w3.org/2001/XMLSchema-instance" xsi:noNamespaceSchemaLocation="https://maven.apache.org/surefire/maven-surefire-plugin/xsd/surefire-test-report-3.0.xsd" version="3.0" name="sailpoint.UsernameGeneratorTest" time="2.215" tests="1" errors="0" skipped="0" failures="0">
  <properties>
[...]
</properties>
  <testcase name="testUsernameGeneratorWhereFirstNameIsGreaterThanMAXLENGTH" classname="sailpoint.UsernameGeneratorTest" time="1.642">
    <system-out><![CDATA[20:52:32.596 [main] DEBUG sailpoint.UsernameGeneratorTest - AD Create User Name | Unique username generated: tyler.s
20:52:32.599 [main] DEBUG sailpoint.UsernameGeneratorTest - AD Create User Name | Exit from the  GenerateUsername Method
20:52:32.599 [main] INFO  sailpoint.UsernameGeneratorTest - Beanshell script returned: tyler.s
]]></system-out>
  </testcase>
</testsuite>